{
  "RSpec": {
    "coverage": {
      "/home/taras/Desktop/training r-on-r/taras3/spec/requests/post_spec.rb": {
        "lines": [
          1,
          null,
          1,
          4,
          4,
          null,
          1,
          1,
          null,
          1,
          1,
          1,
          null,
          null,
          1,
          1,
          1,
          1,
          null,
          null,
          1,
          1,
          1,
          null,
          1,
          null,
          1,
          1,
          null,
          null,
          null,
          null
        ]
      },
      "/home/taras/Desktop/training r-on-r/taras3/spec/rails_helper.rb": {
        "lines": [
          null,
          1,
          1,
          1,
          null,
          1,
          1,
          1,
          1,
          null,
          null,
          4,
          null,
          null,
          null,
          null,
          null,
          null,
          null,
          null,
          null,
          null,
          null,
          null,
          null,
          null,
          null,
          null,
          null,
          null,
          null,
          1,
          null,
          0,
          0,
          null,
          1,
          1,
          1,
          null,
          1,
          null,
          null,
          null,
          null,
          null,
          null,
          null,
          null,
          null,
          null,
          null,
          null,
          null,
          null,
          null,
          null,
          null,
          null,
          null,
          null,
          null,
          null,
          1,
          null,
          null,
          1,
          null,
          null,
          null
        ]
      },
      "/home/taras/Desktop/training r-on-r/taras3/config/environment.rb": {
        "lines": [
          null,
          1,
          null,
          null,
          1
        ]
      },
      "/home/taras/Desktop/training r-on-r/taras3/config/application.rb": {
        "lines": [
          1,
          null,
          1,
          null,
          null,
          null,
          1,
          null,
          1,
          1,
          null,
          1,
          null,
          null,
          null,
          null,
          null,
          null,
          null,
          null,
          null,
          null
        ]
      },
      "/home/taras/Desktop/training r-on-r/taras3/config/boot.rb": {
        "lines": [
          1,
          null,
          1
        ]
      },
      "/home/taras/Desktop/training r-on-r/taras3/config/environments/test.rb": {
        "lines": [
          1,
          null,
          null,
          null,
          null,
          null,
          null,
          1,
          null,
          null,
          1,
          1,
          null,
          null,
          null,
          null,
          1,
          null,
          null,
          1,
          1,
          null,
          null,
          null,
          null,
          1,
          1,
          1,
          null,
          null,
          1,
          null,
          null,
          1,
          null,
          null,
          1,
          null,
          1,
          null,
          null,
          null,
          null,
          1,
          null,
          null,
          1,
          null,
          null,
          1,
          null,
          null,
          1,
          null,
          null,
          null,
          null,
          null,
          null,
          null
        ]
      },
      "/home/taras/Desktop/training r-on-r/taras3/config/initializers/application_controller_renderer.rb": {
        "lines": [
          null,
          null,
          null,
          null,
          null,
          null,
          null,
          null
        ]
      },
      "/home/taras/Desktop/training r-on-r/taras3/config/initializers/assets.rb": {
        "lines": [
          null,
          null,
          null,
          1,
          null,
          null,
          null,
          null,
          1,
          null,
          null,
          null,
          null,
          null
        ]
      },
      "/home/taras/Desktop/training r-on-r/taras3/config/initializers/backtrace_silencers.rb": {
        "lines": [
          null,
          null,
          null,
          null,
          null,
          null,
          null,
          1
        ]
      },
      "/home/taras/Desktop/training r-on-r/taras3/config/initializers/content_security_policy.rb": {
        "lines": [
          null,
          null,
          null,
          null,
          null,
          null,
          null,
          null,
          null,
          null,
          null,
          null,
          null,
          null,
          null,
          null,
          null,
          null,
          null,
          null,
          null,
          null,
          null,
          null,
          null,
          null,
          null,
          null,
          null,
          null
        ]
      },
      "/home/taras/Desktop/training r-on-r/taras3/config/initializers/cookies_serializer.rb": {
        "lines": [
          null,
          null,
          null,
          null,
          1
        ]
      },
      "/home/taras/Desktop/training r-on-r/taras3/config/initializers/devise.rb": {
        "lines": [
          null,
          null,
          null,
          null,
          null,
          null,
          null,
          null,
          null,
          null,
          1,
          null,
          null,
          null,
          null,
          null,
          null,
          null,
          null,
          null,
          null,
          null,
          null,
          null,
          null,
          null,
          1,
          null,
          null,
          null,
          null,
          null,
          null,
          null,
          null,
          null,
          null,
          null,
          1,
          null,
          null,
          null,
          null,
          null,
          null,
          null,
          null,
          null,
          null,
          null,
          null,
          null,
          null,
          null,
          null,
          null,
          null,
          null,
          null,
          null,
          1,
          null,
          null,
          null,
          null,
          1,
          null,
          null,
          null,
          null,
          null,
          null,
          null,
          null,
          null,
          null,
          null,
          null,
          null,
          null,
          null,
          null,
          null,
          null,
          null,
          null,
          null,
          null,
          null,
          null,
          null,
          null,
          null,
          null,
          null,
          null,
          null,
          null,
          null,
          1,
          null,
          null,
          null,
          null,
          null,
          null,
          null,
          null,
          null,
          null,
          null,
          null,
          null,
          null,
          null,
          null,
          null,
          null,
          null,
          null,
          null,
          null,
          null,
          null,
          null,
          1,
          null,
          null,
          null,
          null,
          null,
          null,
          null,
          null,
          null,
          null,
          null,
          null,
          null,
          null,
          null,
          null,
          null,
          null,
          null,
          null,
          null,
          null,
          null,
          null,
          null,
          null,
          null,
          null,
          null,
          null,
          null,
          null,
          null,
          1,
          null,
          null,
          null,
          null,
          null,
          null,
          null,
          null,
          null,
          1,
          null,
          null,
          null,
          null,
          null,
          null,
          null,
          null,
          null,
          null,
          1,
          null,
          null,
          null,
          null,
          1,
          null,
          null,
          null,
          null,
          null,
          null,
          null,
          null,
          null,
          null,
          null,
          null,
          null,
          null,
          null,
          null,
          null,
          null,
          null,
          null,
          null,
          null,
          null,
          null,
          null,
          null,
          null,
          null,
          null,
          null,
          null,
          null,
          null,
          null,
          null,
          null,
          null,
          null,
          null,
          null,
          1,
          null,
          null,
          null,
          null,
          null,
          null,
          null,
          null,
          null,
          null,
          null,
          null,
          null,
          null,
          null,
          null,
          null,
          null,
          null,
          null,
          null,
          null,
          null,
          null,
          null,
          null,
          null,
          null,
          null,
          null,
          null,
          null,
          null,
          null,
          null,
          null,
          null,
          null,
          null,
          null,
          null,
          1,
          null,
          null,
          null,
          null,
          null,
          null,
          null,
          null,
          null,
          null,
          null,
          null,
          null,
          null,
          null,
          null,
          null,
          null,
          null,
          null,
          null,
          null,
          null,
          null,
          null,
          null,
          null,
          null,
          null,
          null,
          null,
          null,
          null,
          null,
          null,
          null,
          null,
          null,
          null,
          null,
          null,
          null
        ]
      },
      "/home/taras/Desktop/training r-on-r/taras3/config/initializers/filter_parameter_logging.rb": {
        "lines": [
          null,
          null,
          null,
          1,
          null,
          null
        ]
      },
      "/home/taras/Desktop/training r-on-r/taras3/config/initializers/inflections.rb": {
        "lines": [
          null,
          null,
          null,
          null,
          null,
          null,
          null,
          null,
          null,
          null,
          null,
          null,
          null,
          null,
          null,
          null
        ]
      },
      "/home/taras/Desktop/training r-on-r/taras3/config/initializers/mime_types.rb": {
        "lines": [
          null,
          null,
          null,
          null
        ]
      },
      "/home/taras/Desktop/training r-on-r/taras3/config/initializers/new_framework_defaults_5_2.rb": {
        "lines": [
          null,
          null,
          null,
          null,
          null,
          null,
          null,
          null,
          null,
          null,
          null,
          null,
          null,
          null,
          null,
          null,
          null,
          null,
          null,
          null,
          null,
          null,
          null,
          null,
          null,
          null,
          null,
          null,
          null,
          null,
          null,
          null,
          null,
          null,
          null,
          null,
          null,
          null
        ]
      },
      "/home/taras/Desktop/training r-on-r/taras3/config/initializers/new_framework_defaults_6_1.rb": {
        "lines": [
          null,
          null,
          null,
          null,
          null,
          null,
          null,
          null,
          null,
          null,
          null,
          null,
          null,
          null,
          null,
          null,
          null,
          null,
          null,
          null,
          null,
          null,
          null,
          null,
          null,
          null,
          null,
          null,
          null,
          null,
          null,
          null,
          null,
          null,
          null,
          null,
          null,
          null,
          null,
          null,
          null,
          null,
          null,
          null,
          null,
          null,
          null,
          null,
          null,
          null,
          null,
          null,
          null,
          null,
          null,
          null,
          null,
          null,
          null,
          null,
          null,
          null,
          null,
          null,
          null,
          null,
          null
        ]
      },
      "/home/taras/Desktop/training r-on-r/taras3/config/initializers/permissions_policy.rb": {
        "lines": [
          null,
          null,
          null,
          null,
          null,
          null,
          null,
          null,
          null,
          null,
          null
        ]
      },
      "/home/taras/Desktop/training r-on-r/taras3/config/initializers/wrap_parameters.rb": {
        "lines": [
          null,
          null,
          null,
          null,
          null,
          null,
          1,
          2,
          null,
          null,
          null,
          null,
          null,
          null
        ]
      },
      "/home/taras/Desktop/training r-on-r/taras3/spec/factories/comments.rb": {
        "lines": [
          1,
          1,
          1,
          1,
          1,
          null,
          null
        ]
      },
      "/home/taras/Desktop/training r-on-r/taras3/spec/factories/likes.rb": {
        "lines": [
          1,
          1,
          1,
          1,
          null,
          null
        ]
      },
      "/home/taras/Desktop/training r-on-r/taras3/spec/factories/posts.rb": {
        "lines": [
          1,
          1,
          1,
          4,
          4,
          1,
          null,
          null
        ]
      },
      "/home/taras/Desktop/training r-on-r/taras3/spec/factories/users.rb": {
        "lines": [
          1,
          1,
          12,
          12,
          9,
          12,
          12,
          null,
          null
        ]
      },
      "/home/taras/Desktop/training r-on-r/taras3/config/routes.rb": {
        "lines": [
          1,
          1,
          1,
          1,
          null,
          null,
          null,
          1,
          1,
          1,
          1,
          1,
          1,
          1,
          null,
          1,
          1,
          null,
          1,
          1,
          1,
          1,
          1,
          null,
          1,
          null,
          null,
          null
        ]
      },
      "/home/taras/Desktop/training r-on-r/taras3/app/models/user.rb": {
        "lines": [
          1,
          1,
          1,
          1,
          null,
          1,
          null,
          1,
          0,
          null,
          1,
          1,
          1,
          1,
          1,
          null,
          1,
          null
        ]
      },
      "/home/taras/Desktop/training r-on-r/taras3/app/models/application_record.rb": {
        "lines": [
          1,
          1,
          null
        ]
      },
      "/home/taras/Desktop/training r-on-r/taras3/app/helpers/application_helper.rb": {
        "lines": [
          1,
          1,
          0,
          0,
          null,
          0,
          null,
          null,
          null
        ]
      },
      "/home/taras/Desktop/training r-on-r/taras3/app/helpers/comments_helper.rb": {
        "lines": [
          1,
          null
        ]
      },
      "/home/taras/Desktop/training r-on-r/taras3/app/helpers/home_helper.rb": {
        "lines": [
          1,
          null
        ]
      },
      "/home/taras/Desktop/training r-on-r/taras3/app/helpers/likes_helper.rb": {
        "lines": [
          1,
          null
        ]
      },
      "/home/taras/Desktop/training r-on-r/taras3/app/helpers/users_helper.rb": {
        "lines": [
          1,
          null
        ]
      },
      "/home/taras/Desktop/training r-on-r/taras3/spec/helpers/devise_request_spec_helpers.rb": {
        "lines": [
          1,
          null,
          1,
          null,
          1,
          0,
          0,
          0,
          null,
          null,
          1,
          0,
          0,
          null,
          null,
          null
        ]
      },
      "/home/taras/Desktop/training r-on-r/taras3/spec/support/shoulda_matchers.rb": {
        "lines": [
          1,
          1,
          1,
          1,
          null,
          null
        ]
      },
      "/home/taras/Desktop/training r-on-r/taras3/spec/support/factory_bot.rb": {
        "lines": [
          1,
          1,
          null
        ]
      },
      "/home/taras/Desktop/training r-on-r/taras3/spec/support/capybara.rb": {
        "lines": [
          1,
          null,
          1,
          null,
          1,
          null,
          1,
          1,
          0,
          null,
          null,
          null,
          null,
          null,
          null,
          null,
          null,
          null,
          null,
          1,
          null,
          null,
          1,
          3,
          null,
          null,
          1,
          null,
          null,
          0,
          null,
          0,
          null,
          null,
          null,
          0,
          null,
          null,
          null,
          1,
          3,
          null,
          null,
          1,
          3,
          null,
          null,
          null
        ]
      },
      "/home/taras/Desktop/training r-on-r/taras3/app/models/post.rb": {
        "lines": [
          1,
          1,
          1,
          1,
          1,
          1,
          1,
          null
        ]
      },
      "/home/taras/Desktop/training r-on-r/taras3/app/controllers/home_controller.rb": {
        "lines": [
          1,
          1,
          null,
          null,
          1,
          null,
          null,
          1,
          null,
          null
        ]
      },
      "/home/taras/Desktop/training r-on-r/taras3/app/controllers/application_controller.rb": {
        "lines": [
          1,
          1,
          null,
          1,
          null,
          1,
          null,
          1,
          0,
          0,
          null,
          null,
          0,
          0,
          null,
          null,
          null
        ]
      },
      "/home/taras/Desktop/training r-on-r/taras3/app/controllers/posts_controller.rb": {
        "lines": [
          1,
          1,
          null,
          1,
          1,
          null,
          null,
          null,
          1,
          0,
          null,
          null,
          1,
          0,
          0,
          0,
          null,
          0,
          null,
          null,
          null,
          1,
          0,
          0,
          0,
          null,
          null,
          1,
          0,
          null,
          null,
          1,
          0,
          null,
          null,
          1,
          0,
          null,
          null,
          1,
          0,
          0,
          0,
          0,
          null,
          0,
          null,
          null,
          null,
          1,
          0,
          null,
          null,
          1,
          null,
          1,
          0,
          null,
          null
        ]
      }
    },
    "timestamp": 1639027308
  }
}
